<?xml version="1.0" encoding="UTF-8"?>
<testsuite name="dev.navids.soottutorial.HelloSootTest" tests="2" skipped="0" failures="0" errors="0" timestamp="2023-04-01T21:44:56" hostname="yipgroup-Precision-WorkStation-T7500" time="1.303">
  <properties/>
  <testcase name="testMethodsExist" classname="dev.navids.soottutorial.HelloSootTest" time="1.286"/>
  <testcase name="testClassFilesExist" classname="dev.navids.soottutorial.HelloSootTest" time="0.017"/>
  <system-out><![CDATA[]]></system-out>
  <system-err><![CDATA[]]></system-err>
</testsuite>
