<?xml version="1.0" encoding="UTF-8"?>
<testsuite name="dev.navids.soottutorial.HelloSootTest" tests="2" skipped="0" failures="0" errors="0" timestamp="2023-01-04T17:07:02" hostname="yipgroup-Precision-WorkStation-T7500" time="0.897">
  <properties/>
  <testcase name="testMethodsExist" classname="dev.navids.soottutorial.HelloSootTest" time="0.886"/>
  <testcase name="testClassFilesExist" classname="dev.navids.soottutorial.HelloSootTest" time="0.01"/>
  <system-out><![CDATA[]]></system-out>
  <system-err><![CDATA[]]></system-err>
</testsuite>
